0 verbose cli /usr/local/bin/node /usr/local/bin/npm
1 info using npm@11.10.1
2 info using node@v24.13.1
3 silly config load:file:/usr/local/lib/node_modules/npm/npmrc
4 silly config load:file:/home/container/.npmrc
5 silly config load:file:/usr/local/etc/npmrc
6 verbose title npm install
7 verbose argv "install"
8 verbose logfile logs-max:10 dir:/home/container/.npm/_logs/2026-02-27T14_06_12_399Z-
9 verbose logfile /home/container/.npm/_logs/2026-02-27T14_06_12_399Z-debug-0.log
10 silly logfile start cleaning logs, removing 1 files
11 silly logfile done cleaning log files
12 silly packumentCache heap:718274560 maxSize:179568640 maxEntrySize:89784320
13 silly idealTree buildDeps
14 silly reify moves {}
15 silly audit bulk request {
15 silly audit   '@discordjs/builders': [ '1.13.1' ],
15 silly audit   '@discordjs/collection': [ '1.5.3', '2.1.1' ],
15 silly audit   '@discordjs/formatters': [ '0.6.2' ],
15 silly audit   '@discordjs/rest': [ '2.6.0' ],
15 silly audit   '@discordjs/util': [ '1.2.0' ],
15 silly audit   '@discordjs/ws': [ '1.2.3' ],
15 silly audit   '@sapphire/async-queue': [ '1.5.5' ],
15 silly audit   '@sapphire/shapeshift': [ '4.0.0' ],
15 silly audit   '@sapphire/snowflake': [ '3.5.3' ],
15 silly audit   '@types/node': [ '25.3.2' ],
15 silly audit   '@types/ws': [ '8.18.1' ],
15 silly audit   '@vladfrangu/async_event_emitter': [ '2.4.7' ],
15 silly audit   chokidar: [ '5.0.0' ],
15 silly audit   'data-uri-to-buffer': [ '4.0.1' ],
15 silly audit   'discord-api-types': [ '0.38.40' ],
15 silly audit   'discord.js': [ '14.25.1' ],
15 silly audit   dotenv: [ '17.3.1' ],
15 silly audit   'fast-deep-equal': [ '3.1.3' ],
15 silly audit   'fetch-blob': [ '3.2.0' ],
15 silly audit   'formdata-polyfill': [ '4.0.10' ],
15 silly audit   lodash: [ '4.17.23' ],
15 silly audit   'lodash.snakecase': [ '4.1.1' ],
15 silly audit   'magic-bytes.js': [ '1.13.0' ],
15 silly audit   'node-domexception': [ '1.0.0' ],
15 silly audit   'node-fetch': [ '3.3.2' ],
15 silly audit   readdirp: [ '5.0.0' ],
15 silly audit   'ts-mixer': [ '6.0.4' ],
15 silly audit   tslib: [ '2.8.1' ],
15 silly audit   undici: [ '6.21.3' ],
15 silly audit   'undici-types': [ '7.18.2' ],
15 silly audit   'web-streams-polyfill': [ '3.3.3' ],
15 silly audit   ws: [ '8.19.0' ]
15 silly audit }
16 http fetch POST 200 https://registry.npmjs.org/-/npm/v1/security/advisories/bulk 451ms
17 silly audit report {
17 silly audit report   undici: [
17 silly audit report     {
17 silly audit report       id: 1112496,
17 silly audit report       url: 'https://github.com/advisories/GHSA-g9mf-h72j-4rw9',
17 silly audit report       title: 'Undici has an unbounded decompression chain in HTTP responses on Node.js Fetch API via Content-Encoding leads to resource exhaustion',
17 silly audit report       severity: 'moderate',
17 silly audit report       vulnerable_versions: '<6.23.0',
17 silly audit report       cwe: [Array],
17 silly audit report       cvss: [Object]
17 silly audit report     }
17 silly audit report   ]
17 silly audit report }
18 silly packumentCache corgi:https://registry.npmjs.org/undici cache-miss
19 http cache https://registry.npmjs.org/undici 18ms (cache hit)
20 silly packumentCache corgi:https://registry.npmjs.org/undici set size:409147 disposed:false
21 silly packumentCache corgi:https://registry.npmjs.org/@discordjs%2frest cache-miss
22 silly packumentCache corgi:https://registry.npmjs.org/discord.js cache-miss
23 http cache https://registry.npmjs.org/@discordjs%2frest 23ms (cache hit)
24 silly packumentCache corgi:https://registry.npmjs.org/@discordjs%2frest set size:2867484 disposed:false
25 http cache https://registry.npmjs.org/discord.js 158ms (cache hit)
26 silly packumentCache corgi:https://registry.npmjs.org/discord.js set size:3996781 disposed:false
27 silly packumentCache corgi:https://registry.npmjs.org/@discordjs%2fws cache-miss
28 http cache https://registry.npmjs.org/@discordjs%2fws 90ms (cache hit)
29 silly packumentCache corgi:https://registry.npmjs.org/@discordjs%2fws set size:2682145 disposed:false
30 verbose cwd /home/container
31 verbose os Linux 5.15.0-151-generic
32 verbose node v24.13.1
33 verbose npm  v11.10.1
34 verbose exit 0
35 info ok
