0 verbose cli /usr/local/bin/node /usr/local/bin/npm
1 info using npm@11.10.1
2 info using node@v24.13.1
3 silly config load:file:/usr/local/lib/node_modules/npm/npmrc
4 silly config load:file:/home/container/.npmrc
5 silly config load:file:/usr/local/etc/npmrc
6 verbose title npm install discord.js dotenv node-fetch chokidar
7 verbose argv "install" "discord.js" "dotenv" "node-fetch" "chokidar"
8 verbose logfile logs-max:10 dir:/home/container/.npm/_logs/2026-02-28T00_09_33_461Z-
9 verbose logfile /home/container/.npm/_logs/2026-02-28T00_09_33_461Z-debug-0.log
10 silly logfile start cleaning logs, removing 1 files
11 silly logfile done cleaning log files
12 silly packumentCache heap:718274560 maxSize:179568640 maxEntrySize:89784320
13 silly idealTree buildDeps
14 silly fetch manifest chokidar@^5.0.0
15 silly packumentCache full:https://registry.npmjs.org/chokidar cache-miss
16 http fetch GET 200 https://registry.npmjs.org/chokidar 390ms (cache revalidated)
17 silly packumentCache full:https://registry.npmjs.org/chokidar set size:255902 disposed:false
18 silly fetch manifest discord.js@^14.25.1
19 silly packumentCache full:https://registry.npmjs.org/discord.js cache-miss
20 http fetch GET 200 https://registry.npmjs.org/discord.js 492ms (cache revalidated)
21 silly packumentCache full:https://registry.npmjs.org/discord.js set size:8497745 disposed:false
22 silly fetch manifest dotenv@^17.3.1
23 silly packumentCache full:https://registry.npmjs.org/dotenv cache-miss
24 http fetch GET 200 https://registry.npmjs.org/dotenv 53ms (cache revalidated)
25 silly packumentCache full:https://registry.npmjs.org/dotenv set size:270065 disposed:false
26 silly fetch manifest node-fetch@^3.3.2
27 silly packumentCache full:https://registry.npmjs.org/node-fetch cache-miss
28 http fetch GET 200 https://registry.npmjs.org/node-fetch 50ms (cache revalidated)
29 silly packumentCache full:https://registry.npmjs.org/node-fetch set size:896010 disposed:false
30 silly placeDep ROOT chokidar@5.0.0 REPLACE for:  want: ^5.0.0
31 silly placeDep ROOT discord.js@14.25.1 REPLACE for:  want: ^14.25.1
32 silly placeDep ROOT dotenv@17.3.1 REPLACE for:  want: ^17.3.1
33 silly placeDep ROOT node-fetch@3.3.2 REPLACE for:  want: ^3.3.2
34 silly reify moves {}
35 silly audit bulk request {
35 silly audit   '@discordjs/builders': [ '1.13.1' ],
35 silly audit   '@discordjs/collection': [ '1.5.3', '2.1.1' ],
35 silly audit   '@discordjs/formatters': [ '0.6.2' ],
35 silly audit   '@discordjs/rest': [ '2.6.0' ],
35 silly audit   '@discordjs/util': [ '1.2.0' ],
35 silly audit   '@discordjs/ws': [ '1.2.3' ],
35 silly audit   '@sapphire/async-queue': [ '1.5.5' ],
35 silly audit   '@sapphire/shapeshift': [ '4.0.0' ],
35 silly audit   '@sapphire/snowflake': [ '3.5.3' ],
35 silly audit   '@types/node': [ '25.3.2' ],
35 silly audit   '@types/ws': [ '8.18.1' ],
35 silly audit   '@vladfrangu/async_event_emitter': [ '2.4.7' ],
35 silly audit   'data-uri-to-buffer': [ '4.0.1' ],
35 silly audit   'discord-api-types': [ '0.38.40' ],
35 silly audit   'fast-deep-equal': [ '3.1.3' ],
35 silly audit   'fetch-blob': [ '3.2.0' ],
35 silly audit   'formdata-polyfill': [ '4.0.10' ],
35 silly audit   lodash: [ '4.17.23' ],
35 silly audit   'lodash.snakecase': [ '4.1.1' ],
35 silly audit   'magic-bytes.js': [ '1.13.0' ],
35 silly audit   'node-domexception': [ '1.0.0' ],
35 silly audit   readdirp: [ '5.0.0' ],
35 silly audit   'ts-mixer': [ '6.0.4' ],
35 silly audit   tslib: [ '2.8.1' ],
35 silly audit   undici: [ '6.21.3' ],
35 silly audit   'undici-types': [ '7.18.2' ],
35 silly audit   'web-streams-polyfill': [ '3.3.3' ],
35 silly audit   ws: [ '8.19.0' ],
35 silly audit   chokidar: [ '5.0.0' ],
35 silly audit   'discord.js': [ '14.25.1' ],
35 silly audit   dotenv: [ '17.3.1' ],
35 silly audit   'node-fetch': [ '3.3.2' ]
35 silly audit }
36 http fetch POST 200 https://registry.npmjs.org/-/npm/v1/security/advisories/bulk 252ms
37 silly audit report {
37 silly audit report   undici: [
37 silly audit report     {
37 silly audit report       id: 1112496,
37 silly audit report       url: 'https://github.com/advisories/GHSA-g9mf-h72j-4rw9',
37 silly audit report       title: 'Undici has an unbounded decompression chain in HTTP responses on Node.js Fetch API via Content-Encoding leads to resource exhaustion',
37 silly audit report       severity: 'moderate',
37 silly audit report       vulnerable_versions: '<6.23.0',
37 silly audit report       cwe: [Array],
37 silly audit report       cvss: [Object]
37 silly audit report     }
37 silly audit report   ]
37 silly audit report }
38 silly packumentCache corgi:https://registry.npmjs.org/undici cache-miss
39 http fetch GET 200 https://registry.npmjs.org/undici 52ms (cache revalidated)
40 silly packumentCache corgi:https://registry.npmjs.org/undici set size:409147 disposed:false
41 silly packumentCache corgi:https://registry.npmjs.org/@discordjs%2frest cache-miss
42 silly packumentCache corgi:https://registry.npmjs.org/discord.js cache-miss
43 http fetch GET 200 https://registry.npmjs.org/discord.js 153ms (cache revalidated)
44 silly packumentCache corgi:https://registry.npmjs.org/discord.js set size:3996781 disposed:false
45 http fetch GET 200 https://registry.npmjs.org/@discordjs%2frest 303ms (cache revalidated)
46 silly packumentCache corgi:https://registry.npmjs.org/@discordjs%2frest set size:2867484 disposed:false
47 silly packumentCache corgi:https://registry.npmjs.org/@discordjs%2fws cache-miss
48 http fetch GET 200 https://registry.npmjs.org/@discordjs%2fws 422ms (cache revalidated)
49 silly packumentCache corgi:https://registry.npmjs.org/@discordjs%2fws set size:2682145 disposed:false
50 verbose cwd /home/container
51 verbose os Linux 5.15.0-151-generic
52 verbose node v24.13.1
53 verbose npm  v11.10.1
54 verbose exit 0
55 info ok
